
Analytic ODE test in complex arithmetic with GMRES iterative linear solver:
    maxl = 10
    preconditioning: ARKBBDPRE
    reltol = 1.0e-06,  abstol = 1.0e-10

ARKODE solver parameters:
  Solver relative tolerance = 1e-06
  Solver absolute tolerance = 1e-10

  Maximum step increase (first step) = 10000
  Step reduction factor on multiple error fails = 0.3
  Minimum error fails before above factor is used = 2
  Step reduction factor on nonlinear convergence failure = 0.25
  Explicit safety factor = 0.5
  Safety factor = 0.9
  Growth factor = 20
  Step growth lower bound = 1
  Step growth upper bound = 1
  No explicit stability function supplied
Soderlind SUNAdaptController module:
  k1 = 1
  k2 = 0
  k3 = 0
  k4 = 0
  k5 = 0
  bias factor = 1
  previous error = 1
  previous-previous error = 1
  previous step = 1
  previous-previous step = 1
  firststeps = 0
  historysize = 0
  Maximum number of error test failures = 7
  Maximum number of convergence test failures = 10
ARKStep time step module parameters:
  Method order 4
  Implicit integrator
  Implicit predictor method = 0
  Implicit solver tolerance coefficient = 0.1
  Maximum number of nonlinear corrections = 3
  Nonlinear convergence rate constant = 0.3
  Nonlinear divergence tolerance = 2.3
  Gamma factor LSetup tolerance = 0.2
  Number of steps between LSetup calls = 20

     t               u_90                   v_90                   w_90
   ----------------------------------------------------------------------------
    0.000 |  1.00000 +  0.00000i |  0.00000 +  0.00000i |  0.00000 +  1.00000i
    1.000 |  0.54030 +  0.84147i | -0.84147 +  0.54030i |  0.15853 +  0.54030i
    2.000 | -0.83230 +  1.81860i | -1.81859 + -0.83229i |  1.09070 + -0.41615i
    3.000 | -2.96998 +  0.42336i | -0.42336 + -2.96998i |  2.85888 + -0.98999i
    4.000 | -2.61457 + -3.02721i |  3.02721 + -2.61457i |  4.75680 + -0.65364i
    5.000 |  1.41831 + -4.79462i |  4.79462 +  1.41831i |  5.95892 +  0.28366i
   ----------------------------------------------------------------------------
    Max-norm of the error is 4.48334e-06
   ----------------------------------------------------------------------------

Final Solver Statistics:
Current time                  = 5.07229745359717
Steps                         = 95
Step attempts                 = 95
Stability limited steps       = 0
Accuracy limited steps        = 95
Error test fails              = 0
NLS step fails                = 0
Inequality constraint fails   = 0
Initial step size             = 6.103515625e-12
Last step size                = 0.0925222606042113
Current step size             = 0.0926758539200684
Explicit RHS fn evals         = 0
Implicit RHS fn evals         = 1138
NLS iters                     = 660
NLS fails                     = 0
NLS iters per step            = 6.94736842105263
LS setups                     = 20
Jac fn evals                  = 0
LS RHS fn evals               = 1848
Prec setup evals              = 2
Prec solves                   = 2323
LS iters                      = 1848
LS fails                      = 0
Jac-times setups              = 0
Jac-times evals               = 1848
LS iters per NLS iter         = 2.8
Jac evals per NLS iter        = 0
Prec evals per NLS iter       = 0.00303030303030303
