
Analytic ODE test in complex arithmetic with dense linear solver:
    problem parameters:  a = 1 + 0i,  b = 1 + 0i,  c = 1 + 0i
    reltol = 1.0e-06,  abstol = 1.0e-10

ARKODE solver parameters:
  Solver relative tolerance = 1e-06
  Solver absolute tolerance = 1e-10

  Maximum step increase (first step) = 10000
  Step reduction factor on multiple error fails = 0.3
  Minimum error fails before above factor is used = 2
  Step reduction factor on nonlinear convergence failure = 0.25
  Explicit safety factor = 0.5
  Safety factor = 0.9
  Growth factor = 20
  Step growth lower bound = 1
  Step growth upper bound = 1
  No explicit stability function supplied
Soderlind SUNAdaptController module:
  k1 = 1
  k2 = 0
  k3 = 0
  k4 = 0
  k5 = 0
  bias factor = 1
  previous error = 1
  previous-previous error = 1
  previous step = 1
  previous-previous step = 1
  firststeps = 0
  historysize = 0
  Maximum number of error test failures = 7
  Maximum number of convergence test failures = 10
ARKStep time step module parameters:
  Method order 4
  Linear implicit problem (time-dependent Jacobian)
  Implicit integrator
  Implicit predictor method = 0
  Implicit solver tolerance coefficient = 0.1
  Maximum number of nonlinear corrections = 3
  Nonlinear convergence rate constant = 0.3
  Nonlinear divergence tolerance = 2.3
  Gamma factor LSetup tolerance = 2.22044604925031e-14
  Number of steps between LSetup calls = 20

     t               u                      v                      w
   ----------------------------------------------------------------------------
    0.000 |  0.00000 +  2.00000i | -0.00000 + -0.00000i |  0.00000 +  1.00000i
    1.000 | -0.36788 +  2.00000i |  0.00000 + -0.36788i |  1.00000 +  0.36788i
    2.000 | -0.27067 +  2.00000i |  0.00000 + -0.54134i |  2.00000 +  0.13533i
    3.000 | -0.14936 +  2.00000i |  0.00000 + -0.44808i |  3.00000 +  0.04979i
    4.000 | -0.07327 +  1.99999i |  0.00001 + -0.29306i |  4.00001 +  0.01831i
    5.000 | -0.03373 +  1.99992i |  0.00006 + -0.16848i |  5.00004 +  0.00672i
   ----------------------------------------------------------------------------
    Max-norm of the error is 8.57526e-05
   ----------------------------------------------------------------------------

Final Solver Statistics:
Current time                  = 5.03103278729458
Steps                         = 74
Step attempts                 = 75
Stability limited steps       = 0
Accuracy limited steps        = 75
Error test fails              = 1
NLS step fails                = 0
Inequality constraint fails   = 0
Initial step size             = 6.58037005653823e-06
Last step size                = 0.0676607610728959
Current step size             = 0.0669713422268324
Explicit RHS fn evals         = 0
Implicit RHS fn evals         = 753
NLS iters                     = 375
NLS fails                     = 0
NLS iters per step            = 5.06756756756757
LS setups                     = 375
Jac fn evals                  = 302
LS RHS fn evals               = 906
Prec setup evals              = 0
Prec solves                   = 0
LS iters                      = 0
LS fails                      = 0
Jac-times setups              = 0
Jac-times evals               = 0
LS iters per NLS iter         = 0
Jac evals per NLS iter        = 0.805333333333333
Prec evals per NLS iter       = 0
