Solve the nonlinear system in 100 bins:
    4x    - sin(y) - zi     - 1  = 0
   -x^2   + 5y     - cos(z) - 2i = 0
   -e^-x  - y      + 6z     - 3  = 0
Analytic solution in each bin:
    x = 0.284431  + 0.270317I
    y = 0.161171  + 0.426222I
    z = 0.647715  + 0.037549I
Solution method: Newton
    tolerance     = 1.49012e-06
    max iters     = 30
    linear solver = DENSE
Nonlinear iters               = 6
Nonlinear fn evals            = 7
Beta condition fails          = 0
Backtrack operations          = 0
Nonlinear fn norm             = 4.40600233489434e-06
Step length                   = 7.72315391201279e-06
Jac fn evals                  = 1
LS Nonlinear fn evals         = 300
Prec setup evals              = 0
Prec solves                   = 0
LS iters                      = 0
LS fails                      = 0
Jac-times evals               = 0
LS iters per NLS iter         = 0
Jac evals per NLS iter        = 0.166666666666667
Prec evals per NLS iter       = 0
Computed solution (first cell):
    x = 0.284431 + 0.270317I
    y = 0.161171 + 0.426222I
    z = 0.647715 + 0.037549I
Solution error (first cell):
    ex = 5.237299e-08 + 6.744728e-10I
    ey = 8.107022e-08 + 7.153250e-10I
    ez = 3.113876e-08 + 7.169346e-09I
PASS
