Solve the nonlinear system in 100 bins:
    4x    - sin(y) - zi     - 1  = 0
   -x^2   + 5y     - cos(z) - 2i = 0
   -e^-x  - y      + 6z     - 3  = 0
Analytic solution in each bin:
    x = 0.284431  + 0.270317I
    y = 0.161171  + 0.426222I
    z = 0.647715  + 0.037549I
Solution method: Newton
    tolerance     = 1.49012e-06
    max iters     = 30
    linear solver = SPGMR
    max lin iters = 10
Nonlinear iters               = 4
Nonlinear fn evals            = 5
Beta condition fails          = 0
Backtrack operations          = 0
Nonlinear fn norm             = 7.57280439298813e-07
Step length                   = 0.00527524315251535
Jac fn evals                  = 0
LS Nonlinear fn evals         = 11
Prec setup evals              = 0
Prec solves                   = 0
LS iters                      = 7
LS fails                      = 0
Jac-times evals               = 11
LS iters per NLS iter         = 1.75
Jac evals per NLS iter        = 0
Prec evals per NLS iter       = 0
Computed solution (first cell):
    x = 0.284431 + 0.270317I
    y = 0.161171 + 0.426222I
    z = 0.647715 + 0.037549I
Solution error (first cell):
    ex = 1.054478e-08 + 4.434435e-09I
    ey = 1.186424e-08 + 4.862932e-09I
    ez = 1.306307e-09 + 2.742748e-09I
PASS
